2019-04-01T07:52:30.344Z, GET, 200, 12633
2019-04-01T12:45:40.111Z, GET, 200, 12633
2019-04-01T13:48:59.504Z, GET, 200, -
2019-04-01T13:49:05.265Z, POST, 200, -
2019-04-01T13:49:05.475Z, POST, 200, -
2019-04-01T14:56:23.905Z, POST, 200, 155
2019-04-01T14:56:23.940Z, POST, 200, 155
2019-04-01T14:57:22.656Z, POST, 200, 155
2019-04-01T14:57:24.740Z, GET, 200, -
2019-04-01T14:57:30.428Z, POST, 200, -
2019-04-01T14:57:30.625Z, POST, 200, -
2019-04-01T14:57:32.876Z, POST, 200, 155
2019-04-01T14:57:33.241Z, POST, 200, 155
2019-04-01T14:57:34.526Z, GET, 200, -
2019-04-01T14:58:01.832Z, POST, 200, 155
2019-04-01T14:58:02.004Z, POST, 200, 155
2019-04-01T14:58:02.240Z, POST, 200, 155
2019-04-01T14:58:06.555Z, POST, 200, 155
2019-04-01T14:58:07.805Z, POST, 200, 155
2019-04-01T14:58:08.096Z, POST, 200, 155
2019-04-01T14:58:08.316Z, POST, 200, 155
2019-04-01T14:59:00.492Z, GET, 200, -
2019-04-01T14:59:06.206Z, POST, 200, -
2019-04-01T14:59:06.401Z, POST, 200, -
2019-04-01T14:59:18.387Z, POST, 200, 155
2019-04-01T14:59:19.018Z, POST, 200, 155
2019-04-01T14:59:25.810Z, POST, 200, 155
2019-04-01T15:04:31.086Z, GET, 304, -
2019-04-01T15:04:31.131Z, GET, 304, -
2019-04-01T15:04:31.133Z, GET, 304, -
2019-04-01T15:04:31.149Z, GET, 304, -
2019-04-01T15:04:31.151Z, GET, 304, -
2019-04-01T15:04:31.155Z, GET, 304, -
2019-04-01T15:04:31.170Z, GET, 304, -
2019-04-01T15:04:31.171Z, GET, 304, -
2019-04-01T15:04:31.173Z, GET, 304, -
2019-04-01T15:04:31.175Z, GET, 304, -
2019-04-01T15:04:31.182Z, GET, 304, -
2019-04-01T15:04:31.184Z, GET, 304, -
2019-04-01T15:04:31.196Z, GET, 304, -
2019-04-01T15:04:31.309Z, GET, 200, 157
2019-04-01T15:04:31.428Z, POST, 200, -
2019-04-01T15:04:32.144Z, GET, 200, 1865
2019-04-01T15:06:31.256Z, GET, -, -
2019-04-01T15:07:38.656Z, POST, 200, 155
2019-04-01T15:07:38.685Z, POST, 200, 155
2019-04-01T15:08:31.275Z, GET, -, -
2019-04-01T15:10:31.291Z, GET, -, -
2019-04-01T15:12:32.491Z, GET, -, -
